<?xml version="1.0" encoding="UTF-8"?>
<!-- Generated by org.testng.reporters.JUnitXMLReporter -->
<testsuite hostname="LAPTOP-JEI8AS0O" ignored="0" name="Default test" tests="3" failures="0" timestamp="2020-03-28T15:02:04 EDT" time="9.899" errors="0">
  <testcase name="TC003" time="1.57" classname="testcases.TestDashboard"/>
  <testcase name="TC004" time="0.436" classname="testcases.TestDashboard"/>
  <testcase name="TC005" time="0.167" classname="testcases.TestDashboard"/>
</testsuite> <!-- Default test -->
