<?xml version="1.0" encoding="UTF-8"?>
<!-- Generated by org.testng.reporters.JUnitXMLReporter -->
<testsuite hostname="LAPTOP-JEI8AS0O" ignored="0" name="Test" tests="5" failures="0" timestamp="2020-03-28T15:03:34 EDT" time="32.759" errors="0">
  <testcase name="TC001" time="1.582" classname="testcases.NewTest"/>
  <testcase name="TC002" time="10.83" classname="testcases.NewTest"/>
  <testcase name="TC003" time="1.624" classname="testcases.TestDashboard"/>
  <testcase name="TC004" time="0.455" classname="testcases.TestDashboard"/>
  <testcase name="TC005" time="0.167" classname="testcases.TestDashboard"/>
</testsuite> <!-- Test -->
